[2025-07-08T06:29:30.906+0000] {local_task_job_runner.py:120} INFO - ::group::Pre task execution logs
[2025-07-08T06:29:31.102+0000] {taskinstance.py:2076} INFO - Dependencies all met for dep_context=non-requeueable deps ti=<TaskInstance: template_data_kab_dag.run_python_script scheduled__2025-07-06T12:00:00+00:00 [queued]>
[2025-07-08T06:29:31.167+0000] {taskinstance.py:2076} INFO - Dependencies all met for dep_context=requeueable deps ti=<TaskInstance: template_data_kab_dag.run_python_script scheduled__2025-07-06T12:00:00+00:00 [queued]>
[2025-07-08T06:29:31.171+0000] {taskinstance.py:2306} INFO - Starting attempt 1 of 2
[2025-07-08T06:29:31.260+0000] {taskinstance.py:2330} INFO - Executing <Task(BashOperator): run_python_script> on 2025-07-06 12:00:00+00:00
[2025-07-08T06:29:31.304+0000] {warnings.py:112} WARNING - /home/***/.local/lib/python3.12/site-packages/***/task/task_runner/standard_task_runner.py:61: DeprecationWarning: This process (pid=505) is multi-threaded, use of fork() may lead to deadlocks in the child.
  pid = os.fork()

[2025-07-08T06:29:31.311+0000] {standard_task_runner.py:63} INFO - Started process 516 to run task
[2025-07-08T06:29:31.312+0000] {standard_task_runner.py:90} INFO - Running: ['***', 'tasks', 'run', 'template_data_kab_dag', 'run_python_script', 'scheduled__2025-07-06T12:00:00+00:00', '--job-id', '14', '--raw', '--subdir', 'DAGS_FOLDER/__pycache__/__pycache__/python_script_dag.py', '--cfg-path', '/tmp/tmpjopw15n0']
[2025-07-08T06:29:31.325+0000] {standard_task_runner.py:91} INFO - Job 14: Subtask run_python_script
[2025-07-08T06:29:31.928+0000] {task_command.py:426} INFO - Running <TaskInstance: template_data_kab_dag.run_python_script scheduled__2025-07-06T12:00:00+00:00 [running]> on host 1fa35bf9f54b
[2025-07-08T06:29:32.293+0000] {taskinstance.py:2648} INFO - Exporting env vars: AIRFLOW_CTX_DAG_OWNER='***' AIRFLOW_CTX_DAG_ID='template_data_kab_dag' AIRFLOW_CTX_TASK_ID='run_python_script' AIRFLOW_CTX_EXECUTION_DATE='2025-07-06T12:00:00+00:00' AIRFLOW_CTX_TRY_NUMBER='1' AIRFLOW_CTX_DAG_RUN_ID='scheduled__2025-07-06T12:00:00+00:00'
[2025-07-08T06:29:32.302+0000] {taskinstance.py:430} INFO - ::endgroup::
[2025-07-08T06:29:32.309+0000] {subprocess.py:63} INFO - Tmp dir root location: /tmp
[2025-07-08T06:29:32.336+0000] {subprocess.py:75} INFO - Running command: ['/usr/bin/bash', '-c', 'python3 /opt/***/dags/scripts/template_data_cleansing_kab.py']
[2025-07-08T06:29:32.390+0000] {subprocess.py:86} INFO - Output:
[2025-07-08T06:29:32.657+0000] {subprocess.py:93} INFO - python3: can't open file '/opt/***/dags/scripts/template_data_cleansing_kab.py': [Errno 2] No such file or directory
[2025-07-08T06:29:32.687+0000] {subprocess.py:97} INFO - Command exited with return code 2
[2025-07-08T06:29:32.691+0000] {taskinstance.py:441} INFO - ::group::Post task execution logs
[2025-07-08T06:29:32.744+0000] {taskinstance.py:2905} ERROR - Task failed with exception
Traceback (most recent call last):
  File "/home/airflow/.local/lib/python3.12/site-packages/airflow/models/taskinstance.py", line 465, in _execute_task
    result = _execute_callable(context=context, **execute_callable_kwargs)
             ^^^^^^^^^^^^^^^^^^^^^^^^^^^^^^^^^^^^^^^^^^^^^^^^^^^^^^^^^^^^^
  File "/home/airflow/.local/lib/python3.12/site-packages/airflow/models/taskinstance.py", line 432, in _execute_callable
    return execute_callable(context=context, **execute_callable_kwargs)
           ^^^^^^^^^^^^^^^^^^^^^^^^^^^^^^^^^^^^^^^^^^^^^^^^^^^^^^^^^^^^
  File "/home/airflow/.local/lib/python3.12/site-packages/airflow/models/baseoperator.py", line 401, in wrapper
    return func(self, *args, **kwargs)
           ^^^^^^^^^^^^^^^^^^^^^^^^^^^
  File "/home/airflow/.local/lib/python3.12/site-packages/airflow/operators/bash.py", line 243, in execute
    raise AirflowException(
airflow.exceptions.AirflowException: Bash command failed. The command returned a non-zero exit code 2.
[2025-07-08T06:29:32.781+0000] {taskinstance.py:1206} INFO - Marking task as UP_FOR_RETRY. dag_id=template_data_kab_dag, task_id=run_python_script, run_id=scheduled__2025-07-06T12:00:00+00:00, execution_date=20250706T120000, start_date=20250708T062931, end_date=20250708T062932
[2025-07-08T06:29:32.895+0000] {standard_task_runner.py:110} ERROR - Failed to execute job 14 for task run_python_script (Bash command failed. The command returned a non-zero exit code 2.; 516)
[2025-07-08T06:29:33.030+0000] {local_task_job_runner.py:240} INFO - Task exited with return code 1
[2025-07-08T06:29:33.110+0000] {taskinstance.py:3503} INFO - 0 downstream tasks scheduled from follow-on schedule check
[2025-07-08T06:29:33.117+0000] {local_task_job_runner.py:222} INFO - ::endgroup::
