[2025-07-08T07:44:22.779+0000] {local_task_job_runner.py:120} INFO - ::group::Pre task execution logs
[2025-07-08T07:44:22.842+0000] {taskinstance.py:2076} INFO - Dependencies all met for dep_context=non-requeueable deps ti=<TaskInstance: template_data_kab_dag.run_python_script manual__2025-07-08T07:44:09.986567+00:00 [queued]>
[2025-07-08T07:44:22.863+0000] {taskinstance.py:2076} INFO - Dependencies all met for dep_context=requeueable deps ti=<TaskInstance: template_data_kab_dag.run_python_script manual__2025-07-08T07:44:09.986567+00:00 [queued]>
[2025-07-08T07:44:22.867+0000] {taskinstance.py:2306} INFO - Starting attempt 1 of 2
[2025-07-08T07:44:22.902+0000] {taskinstance.py:2330} INFO - Executing <Task(BashOperator): run_python_script> on 2025-07-08 07:44:09.986567+00:00
[2025-07-08T07:44:22.928+0000] {warnings.py:112} WARNING - /home/***/.local/lib/python3.12/site-packages/***/task/task_runner/standard_task_runner.py:61: DeprecationWarning: This process (pid=1417) is multi-threaded, use of fork() may lead to deadlocks in the child.
  pid = os.fork()

[2025-07-08T07:44:22.933+0000] {standard_task_runner.py:63} INFO - Started process 1419 to run task
[2025-07-08T07:44:22.930+0000] {standard_task_runner.py:90} INFO - Running: ['***', 'tasks', 'run', 'template_data_kab_dag', 'run_python_script', 'manual__2025-07-08T07:44:09.986567+00:00', '--job-id', '23', '--raw', '--subdir', 'DAGS_FOLDER/__pycache__/__pycache__/python_script_dag.py', '--cfg-path', '/tmp/tmptk9v7pll']
[2025-07-08T07:44:22.936+0000] {standard_task_runner.py:91} INFO - Job 23: Subtask run_python_script
[2025-07-08T07:44:23.233+0000] {task_command.py:426} INFO - Running <TaskInstance: template_data_kab_dag.run_python_script manual__2025-07-08T07:44:09.986567+00:00 [running]> on host 1fa35bf9f54b
[2025-07-08T07:44:23.490+0000] {taskinstance.py:2648} INFO - Exporting env vars: AIRFLOW_CTX_DAG_OWNER='***' AIRFLOW_CTX_DAG_ID='template_data_kab_dag' AIRFLOW_CTX_TASK_ID='run_python_script' AIRFLOW_CTX_EXECUTION_DATE='2025-07-08T07:44:09.986567+00:00' AIRFLOW_CTX_TRY_NUMBER='1' AIRFLOW_CTX_DAG_RUN_ID='manual__2025-07-08T07:44:09.986567+00:00'
[2025-07-08T07:44:23.504+0000] {taskinstance.py:430} INFO - ::endgroup::
[2025-07-08T07:44:23.508+0000] {subprocess.py:63} INFO - Tmp dir root location: /tmp
[2025-07-08T07:44:23.521+0000] {subprocess.py:75} INFO - Running command: ['/usr/bin/bash', '-c', 'python3 /opt/***/dags/scripts/template_data_cleansing_kab.py']
[2025-07-08T07:44:23.589+0000] {subprocess.py:86} INFO - Output:
[2025-07-08T07:44:23.787+0000] {subprocess.py:93} INFO - python3: can't open file '/opt/***/dags/scripts/template_data_cleansing_kab.py': [Errno 2] No such file or directory
[2025-07-08T07:44:23.798+0000] {subprocess.py:97} INFO - Command exited with return code 2
[2025-07-08T07:44:23.801+0000] {taskinstance.py:441} INFO - ::group::Post task execution logs
[2025-07-08T07:44:23.825+0000] {taskinstance.py:2905} ERROR - Task failed with exception
Traceback (most recent call last):
  File "/home/airflow/.local/lib/python3.12/site-packages/airflow/models/taskinstance.py", line 465, in _execute_task
    result = _execute_callable(context=context, **execute_callable_kwargs)
             ^^^^^^^^^^^^^^^^^^^^^^^^^^^^^^^^^^^^^^^^^^^^^^^^^^^^^^^^^^^^^
  File "/home/airflow/.local/lib/python3.12/site-packages/airflow/models/taskinstance.py", line 432, in _execute_callable
    return execute_callable(context=context, **execute_callable_kwargs)
           ^^^^^^^^^^^^^^^^^^^^^^^^^^^^^^^^^^^^^^^^^^^^^^^^^^^^^^^^^^^^
  File "/home/airflow/.local/lib/python3.12/site-packages/airflow/models/baseoperator.py", line 401, in wrapper
    return func(self, *args, **kwargs)
           ^^^^^^^^^^^^^^^^^^^^^^^^^^^
  File "/home/airflow/.local/lib/python3.12/site-packages/airflow/operators/bash.py", line 243, in execute
    raise AirflowException(
airflow.exceptions.AirflowException: Bash command failed. The command returned a non-zero exit code 2.
[2025-07-08T07:44:23.843+0000] {taskinstance.py:1206} INFO - Marking task as UP_FOR_RETRY. dag_id=template_data_kab_dag, task_id=run_python_script, run_id=manual__2025-07-08T07:44:09.986567+00:00, execution_date=20250708T074409, start_date=20250708T074422, end_date=20250708T074423
[2025-07-08T07:44:23.881+0000] {standard_task_runner.py:110} ERROR - Failed to execute job 23 for task run_python_script (Bash command failed. The command returned a non-zero exit code 2.; 1419)
[2025-07-08T07:44:23.915+0000] {local_task_job_runner.py:240} INFO - Task exited with return code 1
[2025-07-08T07:44:23.953+0000] {taskinstance.py:3503} INFO - 0 downstream tasks scheduled from follow-on schedule check
[2025-07-08T07:44:23.958+0000] {local_task_job_runner.py:222} INFO - ::endgroup::
