[2025-07-08T08:57:03.287+0000] {local_task_job_runner.py:120} INFO - ::group::Pre task execution logs
[2025-07-08T08:57:03.388+0000] {taskinstance.py:2076} INFO - Dependencies all met for dep_context=non-requeueable deps ti=<TaskInstance: template_data_kab_dag.run_python_script manual__2025-07-08T08:51:16.965147+00:00 [queued]>
[2025-07-08T08:57:03.419+0000] {taskinstance.py:2076} INFO - Dependencies all met for dep_context=requeueable deps ti=<TaskInstance: template_data_kab_dag.run_python_script manual__2025-07-08T08:51:16.965147+00:00 [queued]>
[2025-07-08T08:57:03.421+0000] {taskinstance.py:2306} INFO - Starting attempt 2 of 2
[2025-07-08T08:57:03.465+0000] {taskinstance.py:2330} INFO - Executing <Task(BashOperator): run_python_script> on 2025-07-08 08:51:16.965147+00:00
[2025-07-08T08:57:03.505+0000] {warnings.py:112} WARNING - /home/***/.local/lib/python3.12/site-packages/***/task/task_runner/standard_task_runner.py:61: DeprecationWarning: This process (pid=1744) is multi-threaded, use of fork() may lead to deadlocks in the child.
  pid = os.fork()

[2025-07-08T08:57:03.513+0000] {standard_task_runner.py:63} INFO - Started process 1746 to run task
[2025-07-08T08:57:03.515+0000] {standard_task_runner.py:90} INFO - Running: ['***', 'tasks', 'run', 'template_data_kab_dag', 'run_python_script', 'manual__2025-07-08T08:51:16.965147+00:00', '--job-id', '30', '--raw', '--subdir', 'DAGS_FOLDER/python_script_dag.py', '--cfg-path', '/tmp/tmpnzct_cm0']
[2025-07-08T08:57:03.524+0000] {standard_task_runner.py:91} INFO - Job 30: Subtask run_python_script
[2025-07-08T08:57:03.969+0000] {task_command.py:426} INFO - Running <TaskInstance: template_data_kab_dag.run_python_script manual__2025-07-08T08:51:16.965147+00:00 [running]> on host 1fa35bf9f54b
[2025-07-08T08:57:04.701+0000] {taskinstance.py:2648} INFO - Exporting env vars: AIRFLOW_CTX_DAG_OWNER='***' AIRFLOW_CTX_DAG_ID='template_data_kab_dag' AIRFLOW_CTX_TASK_ID='run_python_script' AIRFLOW_CTX_EXECUTION_DATE='2025-07-08T08:51:16.965147+00:00' AIRFLOW_CTX_TRY_NUMBER='2' AIRFLOW_CTX_DAG_RUN_ID='manual__2025-07-08T08:51:16.965147+00:00'
[2025-07-08T08:57:04.749+0000] {taskinstance.py:430} INFO - ::endgroup::
[2025-07-08T08:57:04.763+0000] {subprocess.py:63} INFO - Tmp dir root location: /tmp
[2025-07-08T08:57:04.775+0000] {subprocess.py:75} INFO - Running command: ['/usr/bin/bash', '-c', 'python3 /***/dags/template_data_cleansing_kab.py']
[2025-07-08T08:57:04.874+0000] {subprocess.py:86} INFO - Output:
[2025-07-08T08:57:05.290+0000] {subprocess.py:93} INFO - python3: can't open file '/***/dags/template_data_cleansing_kab.py': [Errno 2] No such file or directory
[2025-07-08T08:57:05.351+0000] {subprocess.py:97} INFO - Command exited with return code 2
[2025-07-08T08:57:05.367+0000] {taskinstance.py:441} INFO - ::group::Post task execution logs
[2025-07-08T08:57:05.483+0000] {taskinstance.py:2905} ERROR - Task failed with exception
Traceback (most recent call last):
  File "/home/airflow/.local/lib/python3.12/site-packages/airflow/models/taskinstance.py", line 465, in _execute_task
    result = _execute_callable(context=context, **execute_callable_kwargs)
             ^^^^^^^^^^^^^^^^^^^^^^^^^^^^^^^^^^^^^^^^^^^^^^^^^^^^^^^^^^^^^
  File "/home/airflow/.local/lib/python3.12/site-packages/airflow/models/taskinstance.py", line 432, in _execute_callable
    return execute_callable(context=context, **execute_callable_kwargs)
           ^^^^^^^^^^^^^^^^^^^^^^^^^^^^^^^^^^^^^^^^^^^^^^^^^^^^^^^^^^^^
  File "/home/airflow/.local/lib/python3.12/site-packages/airflow/models/baseoperator.py", line 401, in wrapper
    return func(self, *args, **kwargs)
           ^^^^^^^^^^^^^^^^^^^^^^^^^^^
  File "/home/airflow/.local/lib/python3.12/site-packages/airflow/operators/bash.py", line 243, in execute
    raise AirflowException(
airflow.exceptions.AirflowException: Bash command failed. The command returned a non-zero exit code 2.
[2025-07-08T08:57:05.580+0000] {taskinstance.py:1206} INFO - Marking task as FAILED. dag_id=template_data_kab_dag, task_id=run_python_script, run_id=manual__2025-07-08T08:51:16.965147+00:00, execution_date=20250708T085116, start_date=20250708T085703, end_date=20250708T085705
[2025-07-08T08:57:05.709+0000] {standard_task_runner.py:110} ERROR - Failed to execute job 30 for task run_python_script (Bash command failed. The command returned a non-zero exit code 2.; 1746)
[2025-07-08T08:57:05.819+0000] {local_task_job_runner.py:240} INFO - Task exited with return code 1
[2025-07-08T08:57:05.918+0000] {taskinstance.py:3503} INFO - 0 downstream tasks scheduled from follow-on schedule check
[2025-07-08T08:57:05.927+0000] {local_task_job_runner.py:222} INFO - ::endgroup::
