[2025-07-08T14:29:58.977+0000] {local_task_job_runner.py:120} INFO - ::group::Pre task execution logs
[2025-07-08T14:29:59.142+0000] {taskinstance.py:2076} INFO - Dependencies all met for dep_context=non-requeueable deps ti=<TaskInstance: template_data_kab_dag.run_python_script manual__2025-07-08T14:29:26.735815+00:00 [queued]>
[2025-07-08T14:29:59.183+0000] {taskinstance.py:2076} INFO - Dependencies all met for dep_context=requeueable deps ti=<TaskInstance: template_data_kab_dag.run_python_script manual__2025-07-08T14:29:26.735815+00:00 [queued]>
[2025-07-08T14:29:59.187+0000] {taskinstance.py:2306} INFO - Starting attempt 1 of 1
[2025-07-08T14:29:59.283+0000] {taskinstance.py:2330} INFO - Executing <Task(BashOperator): run_python_script> on 2025-07-08 14:29:26.735815+00:00
[2025-07-08T14:29:59.369+0000] {warnings.py:112} WARNING - /home/***/.local/lib/python3.12/site-packages/***/task/task_runner/standard_task_runner.py:61: DeprecationWarning: This process (pid=574) is multi-threaded, use of fork() may lead to deadlocks in the child.
  pid = os.fork()

[2025-07-08T14:29:59.383+0000] {standard_task_runner.py:63} INFO - Started process 578 to run task
[2025-07-08T14:29:59.378+0000] {standard_task_runner.py:90} INFO - Running: ['***', 'tasks', 'run', 'template_data_kab_dag', 'run_python_script', 'manual__2025-07-08T14:29:26.735815+00:00', '--job-id', '37', '--raw', '--subdir', 'DAGS_FOLDER/script/python_script_dag.py', '--cfg-path', '/tmp/tmphygtqu2m']
[2025-07-08T14:29:59.398+0000] {standard_task_runner.py:91} INFO - Job 37: Subtask run_python_script
[2025-07-08T14:30:00.012+0000] {task_command.py:426} INFO - Running <TaskInstance: template_data_kab_dag.run_python_script manual__2025-07-08T14:29:26.735815+00:00 [running]> on host e9919e01fb64
[2025-07-08T14:30:00.800+0000] {taskinstance.py:2648} INFO - Exporting env vars: AIRFLOW_CTX_DAG_OWNER='***' AIRFLOW_CTX_DAG_ID='template_data_kab_dag' AIRFLOW_CTX_TASK_ID='run_python_script' AIRFLOW_CTX_EXECUTION_DATE='2025-07-08T14:29:26.735815+00:00' AIRFLOW_CTX_TRY_NUMBER='1' AIRFLOW_CTX_DAG_RUN_ID='manual__2025-07-08T14:29:26.735815+00:00'
[2025-07-08T14:30:00.858+0000] {taskinstance.py:430} INFO - ::endgroup::
[2025-07-08T14:30:00.867+0000] {subprocess.py:63} INFO - Tmp dir root location: /tmp
[2025-07-08T14:30:00.879+0000] {subprocess.py:75} INFO - Running command: ['/usr/bin/bash', '-c', 'python3 /opt/***/dags/script/script/template_data_cleansing_kab.py']
[2025-07-08T14:30:00.994+0000] {subprocess.py:86} INFO - Output:
[2025-07-08T14:30:01.623+0000] {subprocess.py:93} INFO - python3: can't open file '/opt/***/dags/script/script/template_data_cleansing_kab.py': [Errno 2] No such file or directory
[2025-07-08T14:30:01.655+0000] {subprocess.py:97} INFO - Command exited with return code 2
[2025-07-08T14:30:01.658+0000] {taskinstance.py:441} INFO - ::group::Post task execution logs
[2025-07-08T14:30:01.685+0000] {taskinstance.py:2905} ERROR - Task failed with exception
Traceback (most recent call last):
  File "/home/airflow/.local/lib/python3.12/site-packages/airflow/models/taskinstance.py", line 465, in _execute_task
    result = _execute_callable(context=context, **execute_callable_kwargs)
             ^^^^^^^^^^^^^^^^^^^^^^^^^^^^^^^^^^^^^^^^^^^^^^^^^^^^^^^^^^^^^
  File "/home/airflow/.local/lib/python3.12/site-packages/airflow/models/taskinstance.py", line 432, in _execute_callable
    return execute_callable(context=context, **execute_callable_kwargs)
           ^^^^^^^^^^^^^^^^^^^^^^^^^^^^^^^^^^^^^^^^^^^^^^^^^^^^^^^^^^^^
  File "/home/airflow/.local/lib/python3.12/site-packages/airflow/models/baseoperator.py", line 401, in wrapper
    return func(self, *args, **kwargs)
           ^^^^^^^^^^^^^^^^^^^^^^^^^^^
  File "/home/airflow/.local/lib/python3.12/site-packages/airflow/operators/bash.py", line 243, in execute
    raise AirflowException(
airflow.exceptions.AirflowException: Bash command failed. The command returned a non-zero exit code 2.
[2025-07-08T14:30:01.698+0000] {taskinstance.py:1206} INFO - Marking task as FAILED. dag_id=template_data_kab_dag, task_id=run_python_script, run_id=manual__2025-07-08T14:29:26.735815+00:00, execution_date=20250708T142926, start_date=20250708T142959, end_date=20250708T143001
[2025-07-08T14:30:01.758+0000] {standard_task_runner.py:110} ERROR - Failed to execute job 37 for task run_python_script (Bash command failed. The command returned a non-zero exit code 2.; 578)
[2025-07-08T14:30:01.814+0000] {local_task_job_runner.py:240} INFO - Task exited with return code 1
[2025-07-08T14:30:01.863+0000] {taskinstance.py:3503} INFO - 0 downstream tasks scheduled from follow-on schedule check
[2025-07-08T14:30:01.871+0000] {local_task_job_runner.py:222} INFO - ::endgroup::
