[2025-07-09T04:36:23.316+0000] {local_task_job_runner.py:120} INFO - ::group::Pre task execution logs
[2025-07-09T04:36:23.363+0000] {taskinstance.py:2076} INFO - Dependencies all met for dep_context=non-requeueable deps ti=<TaskInstance: simdasi_test.run_python_script manual__2025-07-09T04:31:02.449579+00:00 [queued]>
[2025-07-09T04:36:23.378+0000] {taskinstance.py:2076} INFO - Dependencies all met for dep_context=requeueable deps ti=<TaskInstance: simdasi_test.run_python_script manual__2025-07-09T04:31:02.449579+00:00 [queued]>
[2025-07-09T04:36:23.380+0000] {taskinstance.py:2306} INFO - Starting attempt 2 of 2
[2025-07-09T04:36:23.411+0000] {taskinstance.py:2330} INFO - Executing <Task(BashOperator): run_python_script> on 2025-07-09 04:31:02.449579+00:00
[2025-07-09T04:36:23.434+0000] {warnings.py:112} WARNING - /home/***/.local/lib/python3.12/site-packages/***/task/task_runner/standard_task_runner.py:61: DeprecationWarning: This process (pid=176) is multi-threaded, use of fork() may lead to deadlocks in the child.
  pid = os.fork()

[2025-07-09T04:36:23.439+0000] {standard_task_runner.py:63} INFO - Started process 178 to run task
[2025-07-09T04:36:23.439+0000] {standard_task_runner.py:90} INFO - Running: ['***', 'tasks', 'run', 'simdasi_test', 'run_python_script', 'manual__2025-07-09T04:31:02.449579+00:00', '--job-id', '56', '--raw', '--subdir', 'DAGS_FOLDER/script/python_script_dag.py', '--cfg-path', '/tmp/tmphb06rtzj']
[2025-07-09T04:36:23.445+0000] {standard_task_runner.py:91} INFO - Job 56: Subtask run_python_script
[2025-07-09T04:36:23.634+0000] {task_command.py:426} INFO - Running <TaskInstance: simdasi_test.run_python_script manual__2025-07-09T04:31:02.449579+00:00 [running]> on host be615b49433c
[2025-07-09T04:36:23.894+0000] {taskinstance.py:2648} INFO - Exporting env vars: AIRFLOW_CTX_DAG_OWNER='***' AIRFLOW_CTX_DAG_ID='simdasi_test' AIRFLOW_CTX_TASK_ID='run_python_script' AIRFLOW_CTX_EXECUTION_DATE='2025-07-09T04:31:02.449579+00:00' AIRFLOW_CTX_TRY_NUMBER='2' AIRFLOW_CTX_DAG_RUN_ID='manual__2025-07-09T04:31:02.449579+00:00'
[2025-07-09T04:36:23.899+0000] {taskinstance.py:430} INFO - ::endgroup::
[2025-07-09T04:36:23.901+0000] {subprocess.py:63} INFO - Tmp dir root location: /tmp
[2025-07-09T04:36:23.905+0000] {subprocess.py:75} INFO - Running command: ['/usr/bin/bash', '-c', 'python3 opt/***/dags/simdasi.py']
[2025-07-09T04:36:23.968+0000] {subprocess.py:86} INFO - Output:
[2025-07-09T04:36:24.166+0000] {subprocess.py:93} INFO - python3: can't open file '/tmp/***tmpzaamh3qx/opt/***/dags/simdasi.py': [Errno 2] No such file or directory
[2025-07-09T04:36:24.181+0000] {subprocess.py:97} INFO - Command exited with return code 2
[2025-07-09T04:36:24.183+0000] {taskinstance.py:441} INFO - ::group::Post task execution logs
[2025-07-09T04:36:24.206+0000] {taskinstance.py:2905} ERROR - Task failed with exception
Traceback (most recent call last):
  File "/home/airflow/.local/lib/python3.12/site-packages/airflow/models/taskinstance.py", line 465, in _execute_task
    result = _execute_callable(context=context, **execute_callable_kwargs)
             ^^^^^^^^^^^^^^^^^^^^^^^^^^^^^^^^^^^^^^^^^^^^^^^^^^^^^^^^^^^^^
  File "/home/airflow/.local/lib/python3.12/site-packages/airflow/models/taskinstance.py", line 432, in _execute_callable
    return execute_callable(context=context, **execute_callable_kwargs)
           ^^^^^^^^^^^^^^^^^^^^^^^^^^^^^^^^^^^^^^^^^^^^^^^^^^^^^^^^^^^^
  File "/home/airflow/.local/lib/python3.12/site-packages/airflow/models/baseoperator.py", line 401, in wrapper
    return func(self, *args, **kwargs)
           ^^^^^^^^^^^^^^^^^^^^^^^^^^^
  File "/home/airflow/.local/lib/python3.12/site-packages/airflow/operators/bash.py", line 243, in execute
    raise AirflowException(
airflow.exceptions.AirflowException: Bash command failed. The command returned a non-zero exit code 2.
[2025-07-09T04:36:24.214+0000] {taskinstance.py:1206} INFO - Marking task as FAILED. dag_id=simdasi_test, task_id=run_python_script, run_id=manual__2025-07-09T04:31:02.449579+00:00, execution_date=20250709T043102, start_date=20250709T043623, end_date=20250709T043624
[2025-07-09T04:36:24.240+0000] {standard_task_runner.py:110} ERROR - Failed to execute job 56 for task run_python_script (Bash command failed. The command returned a non-zero exit code 2.; 178)
[2025-07-09T04:36:24.307+0000] {local_task_job_runner.py:240} INFO - Task exited with return code 1
[2025-07-09T04:36:24.341+0000] {taskinstance.py:3503} INFO - 0 downstream tasks scheduled from follow-on schedule check
[2025-07-09T04:36:24.345+0000] {local_task_job_runner.py:222} INFO - ::endgroup::
