[2025-07-09T02:40:38.723+0000] {local_task_job_runner.py:120} INFO - ::group::Pre task execution logs
[2025-07-09T02:40:38.792+0000] {taskinstance.py:2076} INFO - Dependencies all met for dep_context=non-requeueable deps ti=<TaskInstance: simdasi_test.run_python_script manual__2025-07-09T02:34:57.565181+00:00 [queued]>
[2025-07-09T02:40:38.809+0000] {taskinstance.py:2076} INFO - Dependencies all met for dep_context=requeueable deps ti=<TaskInstance: simdasi_test.run_python_script manual__2025-07-09T02:34:57.565181+00:00 [queued]>
[2025-07-09T02:40:38.811+0000] {taskinstance.py:2306} INFO - Starting attempt 2 of 2
[2025-07-09T02:40:38.838+0000] {taskinstance.py:2330} INFO - Executing <Task(BashOperator): run_python_script> on 2025-07-09 02:34:57.565181+00:00
[2025-07-09T02:40:38.859+0000] {warnings.py:112} WARNING - /home/***/.local/lib/python3.12/site-packages/***/task/task_runner/standard_task_runner.py:61: DeprecationWarning: This process (pid=165) is multi-threaded, use of fork() may lead to deadlocks in the child.
  pid = os.fork()

[2025-07-09T02:40:38.863+0000] {standard_task_runner.py:63} INFO - Started process 167 to run task
[2025-07-09T02:40:38.863+0000] {standard_task_runner.py:90} INFO - Running: ['***', 'tasks', 'run', 'simdasi_test', 'run_python_script', 'manual__2025-07-09T02:34:57.565181+00:00', '--job-id', '46', '--raw', '--subdir', 'DAGS_FOLDER/script/python_script_dag.py', '--cfg-path', '/tmp/tmpotm549w6']
[2025-07-09T02:40:38.869+0000] {standard_task_runner.py:91} INFO - Job 46: Subtask run_python_script
[2025-07-09T02:40:39.070+0000] {task_command.py:426} INFO - Running <TaskInstance: simdasi_test.run_python_script manual__2025-07-09T02:34:57.565181+00:00 [running]> on host 533f9497c699
[2025-07-09T02:40:39.262+0000] {taskinstance.py:2648} INFO - Exporting env vars: AIRFLOW_CTX_DAG_OWNER='***' AIRFLOW_CTX_DAG_ID='simdasi_test' AIRFLOW_CTX_TASK_ID='run_python_script' AIRFLOW_CTX_EXECUTION_DATE='2025-07-09T02:34:57.565181+00:00' AIRFLOW_CTX_TRY_NUMBER='2' AIRFLOW_CTX_DAG_RUN_ID='manual__2025-07-09T02:34:57.565181+00:00'
[2025-07-09T02:40:39.269+0000] {taskinstance.py:430} INFO - ::endgroup::
[2025-07-09T02:40:39.272+0000] {subprocess.py:63} INFO - Tmp dir root location: /tmp
[2025-07-09T02:40:39.283+0000] {subprocess.py:75} INFO - Running command: ['/usr/bin/bash', '-c', 'python3 opt/***/dags/simdasi.py']
[2025-07-09T02:40:39.347+0000] {subprocess.py:86} INFO - Output:
[2025-07-09T02:40:39.533+0000] {subprocess.py:93} INFO - python3: can't open file '/tmp/***tmp6xpa82k4/opt/***/dags/simdasi.py': [Errno 2] No such file or directory
[2025-07-09T02:40:39.555+0000] {subprocess.py:97} INFO - Command exited with return code 2
[2025-07-09T02:40:39.559+0000] {taskinstance.py:441} INFO - ::group::Post task execution logs
[2025-07-09T02:40:39.583+0000] {taskinstance.py:2905} ERROR - Task failed with exception
Traceback (most recent call last):
  File "/home/airflow/.local/lib/python3.12/site-packages/airflow/models/taskinstance.py", line 465, in _execute_task
    result = _execute_callable(context=context, **execute_callable_kwargs)
             ^^^^^^^^^^^^^^^^^^^^^^^^^^^^^^^^^^^^^^^^^^^^^^^^^^^^^^^^^^^^^
  File "/home/airflow/.local/lib/python3.12/site-packages/airflow/models/taskinstance.py", line 432, in _execute_callable
    return execute_callable(context=context, **execute_callable_kwargs)
           ^^^^^^^^^^^^^^^^^^^^^^^^^^^^^^^^^^^^^^^^^^^^^^^^^^^^^^^^^^^^
  File "/home/airflow/.local/lib/python3.12/site-packages/airflow/models/baseoperator.py", line 401, in wrapper
    return func(self, *args, **kwargs)
           ^^^^^^^^^^^^^^^^^^^^^^^^^^^
  File "/home/airflow/.local/lib/python3.12/site-packages/airflow/operators/bash.py", line 243, in execute
    raise AirflowException(
airflow.exceptions.AirflowException: Bash command failed. The command returned a non-zero exit code 2.
[2025-07-09T02:40:39.602+0000] {taskinstance.py:1206} INFO - Marking task as FAILED. dag_id=simdasi_test, task_id=run_python_script, run_id=manual__2025-07-09T02:34:57.565181+00:00, execution_date=20250709T023457, start_date=20250709T024038, end_date=20250709T024039
[2025-07-09T02:40:39.648+0000] {standard_task_runner.py:110} ERROR - Failed to execute job 46 for task run_python_script (Bash command failed. The command returned a non-zero exit code 2.; 167)
[2025-07-09T02:40:39.724+0000] {local_task_job_runner.py:240} INFO - Task exited with return code 1
[2025-07-09T02:40:39.767+0000] {taskinstance.py:3503} INFO - 0 downstream tasks scheduled from follow-on schedule check
[2025-07-09T02:40:39.772+0000] {local_task_job_runner.py:222} INFO - ::endgroup::
