[2025-07-08T07:52:25.596+0000] {local_task_job_runner.py:120} INFO - ::group::Pre task execution logs
[2025-07-08T07:52:25.683+0000] {taskinstance.py:2076} INFO - Dependencies all met for dep_context=non-requeueable deps ti=<TaskInstance: template_data_kab_dag.run_python_script manual__2025-07-08T07:47:14.738516+00:00 [queued]>
[2025-07-08T07:52:25.707+0000] {taskinstance.py:2076} INFO - Dependencies all met for dep_context=requeueable deps ti=<TaskInstance: template_data_kab_dag.run_python_script manual__2025-07-08T07:47:14.738516+00:00 [queued]>
[2025-07-08T07:52:25.710+0000] {taskinstance.py:2306} INFO - Starting attempt 2 of 2
[2025-07-08T07:52:25.761+0000] {taskinstance.py:2330} INFO - Executing <Task(BashOperator): run_python_script> on 2025-07-08 07:47:14.738516+00:00
[2025-07-08T07:52:25.792+0000] {warnings.py:112} WARNING - /home/***/.local/lib/python3.12/site-packages/***/task/task_runner/standard_task_runner.py:61: DeprecationWarning: This process (pid=1518) is multi-threaded, use of fork() may lead to deadlocks in the child.
  pid = os.fork()

[2025-07-08T07:52:25.798+0000] {standard_task_runner.py:63} INFO - Started process 1527 to run task
[2025-07-08T07:52:25.799+0000] {standard_task_runner.py:90} INFO - Running: ['***', 'tasks', 'run', 'template_data_kab_dag', 'run_python_script', 'manual__2025-07-08T07:47:14.738516+00:00', '--job-id', '27', '--raw', '--subdir', 'DAGS_FOLDER/__pycache__/__pycache__/python_script_dag.py', '--cfg-path', '/tmp/tmpbnasocir']
[2025-07-08T07:52:25.807+0000] {standard_task_runner.py:91} INFO - Job 27: Subtask run_python_script
[2025-07-08T07:52:26.079+0000] {task_command.py:426} INFO - Running <TaskInstance: template_data_kab_dag.run_python_script manual__2025-07-08T07:47:14.738516+00:00 [running]> on host 1fa35bf9f54b
[2025-07-08T07:52:26.648+0000] {taskinstance.py:2648} INFO - Exporting env vars: AIRFLOW_CTX_DAG_OWNER='***' AIRFLOW_CTX_DAG_ID='template_data_kab_dag' AIRFLOW_CTX_TASK_ID='run_python_script' AIRFLOW_CTX_EXECUTION_DATE='2025-07-08T07:47:14.738516+00:00' AIRFLOW_CTX_TRY_NUMBER='2' AIRFLOW_CTX_DAG_RUN_ID='manual__2025-07-08T07:47:14.738516+00:00'
[2025-07-08T07:52:26.659+0000] {taskinstance.py:430} INFO - ::endgroup::
[2025-07-08T07:52:26.661+0000] {subprocess.py:63} INFO - Tmp dir root location: /tmp
[2025-07-08T07:52:26.666+0000] {subprocess.py:75} INFO - Running command: ['/usr/bin/bash', '-c', 'python3 /***/dags/template_data_cleansing_kab.py']
[2025-07-08T07:52:26.726+0000] {subprocess.py:86} INFO - Output:
[2025-07-08T07:52:26.925+0000] {subprocess.py:93} INFO - python3: can't open file '/***/dags/template_data_cleansing_kab.py': [Errno 2] No such file or directory
[2025-07-08T07:52:26.937+0000] {subprocess.py:97} INFO - Command exited with return code 2
[2025-07-08T07:52:26.939+0000] {taskinstance.py:441} INFO - ::group::Post task execution logs
[2025-07-08T07:52:26.978+0000] {taskinstance.py:2905} ERROR - Task failed with exception
Traceback (most recent call last):
  File "/home/airflow/.local/lib/python3.12/site-packages/airflow/models/taskinstance.py", line 465, in _execute_task
    result = _execute_callable(context=context, **execute_callable_kwargs)
             ^^^^^^^^^^^^^^^^^^^^^^^^^^^^^^^^^^^^^^^^^^^^^^^^^^^^^^^^^^^^^
  File "/home/airflow/.local/lib/python3.12/site-packages/airflow/models/taskinstance.py", line 432, in _execute_callable
    return execute_callable(context=context, **execute_callable_kwargs)
           ^^^^^^^^^^^^^^^^^^^^^^^^^^^^^^^^^^^^^^^^^^^^^^^^^^^^^^^^^^^^
  File "/home/airflow/.local/lib/python3.12/site-packages/airflow/models/baseoperator.py", line 401, in wrapper
    return func(self, *args, **kwargs)
           ^^^^^^^^^^^^^^^^^^^^^^^^^^^
  File "/home/airflow/.local/lib/python3.12/site-packages/airflow/operators/bash.py", line 243, in execute
    raise AirflowException(
airflow.exceptions.AirflowException: Bash command failed. The command returned a non-zero exit code 2.
[2025-07-08T07:52:26.999+0000] {taskinstance.py:1206} INFO - Marking task as FAILED. dag_id=template_data_kab_dag, task_id=run_python_script, run_id=manual__2025-07-08T07:47:14.738516+00:00, execution_date=20250708T074714, start_date=20250708T075225, end_date=20250708T075226
[2025-07-08T07:52:27.039+0000] {standard_task_runner.py:110} ERROR - Failed to execute job 27 for task run_python_script (Bash command failed. The command returned a non-zero exit code 2.; 1527)
[2025-07-08T07:52:27.110+0000] {local_task_job_runner.py:240} INFO - Task exited with return code 1
[2025-07-08T07:52:27.159+0000] {taskinstance.py:3503} INFO - 0 downstream tasks scheduled from follow-on schedule check
[2025-07-08T07:52:27.163+0000] {local_task_job_runner.py:222} INFO - ::endgroup::
