[2025-07-08T07:30:11.475+0000] {local_task_job_runner.py:120} INFO - ::group::Pre task execution logs
[2025-07-08T07:30:11.529+0000] {taskinstance.py:2076} INFO - Dependencies all met for dep_context=non-requeueable deps ti=<TaskInstance: template_data_kab_dag.run_python_script scheduled__2025-07-06T15:00:00+00:00 [queued]>
[2025-07-08T07:30:11.546+0000] {taskinstance.py:2076} INFO - Dependencies all met for dep_context=requeueable deps ti=<TaskInstance: template_data_kab_dag.run_python_script scheduled__2025-07-06T15:00:00+00:00 [queued]>
[2025-07-08T07:30:11.547+0000] {taskinstance.py:2306} INFO - Starting attempt 1 of 2
[2025-07-08T07:30:11.572+0000] {taskinstance.py:2330} INFO - Executing <Task(BashOperator): run_python_script> on 2025-07-06 15:00:00+00:00
[2025-07-08T07:30:11.591+0000] {warnings.py:112} WARNING - /home/***/.local/lib/python3.12/site-packages/***/task/task_runner/standard_task_runner.py:61: DeprecationWarning: This process (pid=1236) is multi-threaded, use of fork() may lead to deadlocks in the child.
  pid = os.fork()

[2025-07-08T07:30:11.594+0000] {standard_task_runner.py:63} INFO - Started process 1245 to run task
[2025-07-08T07:30:11.594+0000] {standard_task_runner.py:90} INFO - Running: ['***', 'tasks', 'run', 'template_data_kab_dag', 'run_python_script', 'scheduled__2025-07-06T15:00:00+00:00', '--job-id', '21', '--raw', '--subdir', 'DAGS_FOLDER/__pycache__/__pycache__/python_script_dag.py', '--cfg-path', '/tmp/tmpj17qnr6o']
[2025-07-08T07:30:11.599+0000] {standard_task_runner.py:91} INFO - Job 21: Subtask run_python_script
[2025-07-08T07:30:11.822+0000] {task_command.py:426} INFO - Running <TaskInstance: template_data_kab_dag.run_python_script scheduled__2025-07-06T15:00:00+00:00 [running]> on host 1fa35bf9f54b
[2025-07-08T07:30:12.007+0000] {taskinstance.py:2648} INFO - Exporting env vars: AIRFLOW_CTX_DAG_OWNER='***' AIRFLOW_CTX_DAG_ID='template_data_kab_dag' AIRFLOW_CTX_TASK_ID='run_python_script' AIRFLOW_CTX_EXECUTION_DATE='2025-07-06T15:00:00+00:00' AIRFLOW_CTX_TRY_NUMBER='1' AIRFLOW_CTX_DAG_RUN_ID='scheduled__2025-07-06T15:00:00+00:00'
[2025-07-08T07:30:12.010+0000] {taskinstance.py:430} INFO - ::endgroup::
[2025-07-08T07:30:12.013+0000] {subprocess.py:63} INFO - Tmp dir root location: /tmp
[2025-07-08T07:30:12.023+0000] {subprocess.py:75} INFO - Running command: ['/usr/bin/bash', '-c', 'python3 /opt/***/dags/scripts/template_data_cleansing_kab.py']
[2025-07-08T07:30:12.060+0000] {subprocess.py:86} INFO - Output:
[2025-07-08T07:30:12.258+0000] {subprocess.py:93} INFO - python3: can't open file '/opt/***/dags/scripts/template_data_cleansing_kab.py': [Errno 2] No such file or directory
[2025-07-08T07:30:12.269+0000] {subprocess.py:97} INFO - Command exited with return code 2
[2025-07-08T07:30:12.272+0000] {taskinstance.py:441} INFO - ::group::Post task execution logs
[2025-07-08T07:30:12.295+0000] {taskinstance.py:2905} ERROR - Task failed with exception
Traceback (most recent call last):
  File "/home/airflow/.local/lib/python3.12/site-packages/airflow/models/taskinstance.py", line 465, in _execute_task
    result = _execute_callable(context=context, **execute_callable_kwargs)
             ^^^^^^^^^^^^^^^^^^^^^^^^^^^^^^^^^^^^^^^^^^^^^^^^^^^^^^^^^^^^^
  File "/home/airflow/.local/lib/python3.12/site-packages/airflow/models/taskinstance.py", line 432, in _execute_callable
    return execute_callable(context=context, **execute_callable_kwargs)
           ^^^^^^^^^^^^^^^^^^^^^^^^^^^^^^^^^^^^^^^^^^^^^^^^^^^^^^^^^^^^
  File "/home/airflow/.local/lib/python3.12/site-packages/airflow/models/baseoperator.py", line 401, in wrapper
    return func(self, *args, **kwargs)
           ^^^^^^^^^^^^^^^^^^^^^^^^^^^
  File "/home/airflow/.local/lib/python3.12/site-packages/airflow/operators/bash.py", line 243, in execute
    raise AirflowException(
airflow.exceptions.AirflowException: Bash command failed. The command returned a non-zero exit code 2.
[2025-07-08T07:30:12.311+0000] {taskinstance.py:1206} INFO - Marking task as UP_FOR_RETRY. dag_id=template_data_kab_dag, task_id=run_python_script, run_id=scheduled__2025-07-06T15:00:00+00:00, execution_date=20250706T150000, start_date=20250708T073011, end_date=20250708T073012
[2025-07-08T07:30:12.344+0000] {standard_task_runner.py:110} ERROR - Failed to execute job 21 for task run_python_script (Bash command failed. The command returned a non-zero exit code 2.; 1245)
[2025-07-08T07:30:12.375+0000] {local_task_job_runner.py:240} INFO - Task exited with return code 1
[2025-07-08T07:30:12.405+0000] {taskinstance.py:3503} INFO - 0 downstream tasks scheduled from follow-on schedule check
[2025-07-08T07:30:12.408+0000] {local_task_job_runner.py:222} INFO - ::endgroup::
