[2025-07-08T07:52:33.481+0000] {local_task_job_runner.py:120} INFO - ::group::Pre task execution logs
[2025-07-08T07:52:33.536+0000] {taskinstance.py:2076} INFO - Dependencies all met for dep_context=non-requeueable deps ti=<TaskInstance: template_data_kab_dag.run_python_script manual__2025-07-08T07:47:21.428041+00:00 [queued]>
[2025-07-08T07:52:33.553+0000] {taskinstance.py:2076} INFO - Dependencies all met for dep_context=requeueable deps ti=<TaskInstance: template_data_kab_dag.run_python_script manual__2025-07-08T07:47:21.428041+00:00 [queued]>
[2025-07-08T07:52:33.555+0000] {taskinstance.py:2306} INFO - Starting attempt 2 of 2
[2025-07-08T07:52:33.586+0000] {taskinstance.py:2330} INFO - Executing <Task(BashOperator): run_python_script> on 2025-07-08 07:47:21.428041+00:00
[2025-07-08T07:52:33.611+0000] {warnings.py:112} WARNING - /home/***/.local/lib/python3.12/site-packages/***/task/task_runner/standard_task_runner.py:61: DeprecationWarning: This process (pid=1529) is multi-threaded, use of fork() may lead to deadlocks in the child.
  pid = os.fork()

[2025-07-08T07:52:33.615+0000] {standard_task_runner.py:63} INFO - Started process 1531 to run task
[2025-07-08T07:52:33.616+0000] {standard_task_runner.py:90} INFO - Running: ['***', 'tasks', 'run', 'template_data_kab_dag', 'run_python_script', 'manual__2025-07-08T07:47:21.428041+00:00', '--job-id', '28', '--raw', '--subdir', 'DAGS_FOLDER/__pycache__/__pycache__/python_script_dag.py', '--cfg-path', '/tmp/tmpdrsnv_dh']
[2025-07-08T07:52:33.624+0000] {standard_task_runner.py:91} INFO - Job 28: Subtask run_python_script
[2025-07-08T07:52:33.777+0000] {task_command.py:426} INFO - Running <TaskInstance: template_data_kab_dag.run_python_script manual__2025-07-08T07:47:21.428041+00:00 [running]> on host 1fa35bf9f54b
[2025-07-08T07:52:33.967+0000] {taskinstance.py:2648} INFO - Exporting env vars: AIRFLOW_CTX_DAG_OWNER='***' AIRFLOW_CTX_DAG_ID='template_data_kab_dag' AIRFLOW_CTX_TASK_ID='run_python_script' AIRFLOW_CTX_EXECUTION_DATE='2025-07-08T07:47:21.428041+00:00' AIRFLOW_CTX_TRY_NUMBER='2' AIRFLOW_CTX_DAG_RUN_ID='manual__2025-07-08T07:47:21.428041+00:00'
[2025-07-08T07:52:33.971+0000] {taskinstance.py:430} INFO - ::endgroup::
[2025-07-08T07:52:33.973+0000] {subprocess.py:63} INFO - Tmp dir root location: /tmp
[2025-07-08T07:52:33.977+0000] {subprocess.py:75} INFO - Running command: ['/usr/bin/bash', '-c', 'python3 /***/dags/template_data_cleansing_kab.py']
[2025-07-08T07:52:34.012+0000] {subprocess.py:86} INFO - Output:
[2025-07-08T07:52:34.143+0000] {subprocess.py:93} INFO - python3: can't open file '/***/dags/template_data_cleansing_kab.py': [Errno 2] No such file or directory
[2025-07-08T07:52:34.155+0000] {subprocess.py:97} INFO - Command exited with return code 2
[2025-07-08T07:52:34.157+0000] {taskinstance.py:441} INFO - ::group::Post task execution logs
[2025-07-08T07:52:34.186+0000] {taskinstance.py:2905} ERROR - Task failed with exception
Traceback (most recent call last):
  File "/home/airflow/.local/lib/python3.12/site-packages/airflow/models/taskinstance.py", line 465, in _execute_task
    result = _execute_callable(context=context, **execute_callable_kwargs)
             ^^^^^^^^^^^^^^^^^^^^^^^^^^^^^^^^^^^^^^^^^^^^^^^^^^^^^^^^^^^^^
  File "/home/airflow/.local/lib/python3.12/site-packages/airflow/models/taskinstance.py", line 432, in _execute_callable
    return execute_callable(context=context, **execute_callable_kwargs)
           ^^^^^^^^^^^^^^^^^^^^^^^^^^^^^^^^^^^^^^^^^^^^^^^^^^^^^^^^^^^^
  File "/home/airflow/.local/lib/python3.12/site-packages/airflow/models/baseoperator.py", line 401, in wrapper
    return func(self, *args, **kwargs)
           ^^^^^^^^^^^^^^^^^^^^^^^^^^^
  File "/home/airflow/.local/lib/python3.12/site-packages/airflow/operators/bash.py", line 243, in execute
    raise AirflowException(
airflow.exceptions.AirflowException: Bash command failed. The command returned a non-zero exit code 2.
[2025-07-08T07:52:34.202+0000] {taskinstance.py:1206} INFO - Marking task as FAILED. dag_id=template_data_kab_dag, task_id=run_python_script, run_id=manual__2025-07-08T07:47:21.428041+00:00, execution_date=20250708T074721, start_date=20250708T075233, end_date=20250708T075234
[2025-07-08T07:52:34.255+0000] {standard_task_runner.py:110} ERROR - Failed to execute job 28 for task run_python_script (Bash command failed. The command returned a non-zero exit code 2.; 1531)
[2025-07-08T07:52:34.322+0000] {local_task_job_runner.py:240} INFO - Task exited with return code 1
[2025-07-08T07:52:34.381+0000] {taskinstance.py:3503} INFO - 0 downstream tasks scheduled from follow-on schedule check
[2025-07-08T07:52:34.387+0000] {local_task_job_runner.py:222} INFO - ::endgroup::
